---------- Date: 2016-09-12 13:55:42 ~ IP : 127.0.0.1 ----------
REQUEST URI : /admin/index.php?route=common/home&amp;token=4dececa74895b976433b353a1e4fc8c8
MOD DETAILS:
   modFile   : C:\OpenServer\domains\plaza\vqmod/xml/vqmod_seopro.xml
   id        : VQMOD SeoPro
   version   : 1.5.x
   vqmver    : 2.1.7
   author    : freelancer

File Name    : admin/model/*/*.php(0)
VQModObject::applyMod - SEARCH NOT FOUND (ABORTING MOD): $this->cache->delete

----------------------------------------------------------------------


---------- Date: 2016-09-12 13:55:48 ~ IP : 127.0.0.1 ----------
REQUEST URI : /admin/index.php?route=extension/module&amp;token=4dececa74895b976433b353a1e4fc8c8
MOD DETAILS:
   modFile   : C:\OpenServer\domains\plaza\vqmod/xml/vqmod_seopro.xml
   id        : VQMOD SeoPro
   version   : 1.5.x
   vqmver    : 2.1.7
   author    : freelancer

File Name    : admin/model/*/*.php(0)
VQModObject::applyMod - SEARCH NOT FOUND (ABORTING MOD): $this->cache->delete

----------------------------------------------------------------------


---------- Date: 2016-09-12 13:55:54 ~ IP : 127.0.0.1 ----------
REQUEST URI : /admin/index.php?route=module/category&amp;token=4dececa74895b976433b353a1e4fc8c8
MOD DETAILS:
   modFile   : C:\OpenServer\domains\plaza\vqmod/xml/vqmod_seopro.xml
   id        : VQMOD SeoPro
   version   : 1.5.x
   vqmver    : 2.1.7
   author    : freelancer

File Name    : admin/model/*/*.php(0)
VQModObject::applyMod - SEARCH NOT FOUND (ABORTING MOD): $this->cache->delete

----------------------------------------------------------------------


---------- Date: 2016-09-12 13:55:59 ~ IP : 127.0.0.1 ----------
REQUEST URI : /admin/index.php?route=module/category&amp;token=4dececa74895b976433b353a1e4fc8c8
MOD DETAILS:
   modFile   : C:\OpenServer\domains\plaza\vqmod/xml/vqmod_seopro.xml
   id        : VQMOD SeoPro
   version   : 1.5.x
   vqmver    : 2.1.7
   author    : freelancer

File Name    : admin/model/*/*.php(0)
VQModObject::applyMod - SEARCH NOT FOUND (ABORTING MOD): $this->cache->delete

----------------------------------------------------------------------


---------- Date: 2016-09-12 13:55:59 ~ IP : 127.0.0.1 ----------
REQUEST URI : /admin/index.php?route=extension/module&amp;token=4dececa74895b976433b353a1e4fc8c8
MOD DETAILS:
   modFile   : C:\OpenServer\domains\plaza\vqmod/xml/vqmod_seopro.xml
   id        : VQMOD SeoPro
   version   : 1.5.x
   vqmver    : 2.1.7
   author    : freelancer

File Name    : admin/model/*/*.php(0)
VQModObject::applyMod - SEARCH NOT FOUND (ABORTING MOD): $this->cache->delete

----------------------------------------------------------------------


---------- Date: 2016-09-12 14:12:17 ~ IP : 127.0.0.1 ----------
REQUEST URI : /admin/index.php?route=common/home&amp;token=85a382d56a0472d5cd0b40c8bb4233d5
MOD DETAILS:
   modFile   : C:\OpenServer\domains\plaza\vqmod/xml/vqmod_seopro.xml
   id        : VQMOD SeoPro
   version   : 1.5.x
   vqmver    : 2.1.7
   author    : freelancer

File Name    : admin/model/*/*.php(0)
VQModObject::applyMod - SEARCH NOT FOUND (ABORTING MOD): $this->cache->delete

----------------------------------------------------------------------


---------- Date: 2016-09-12 14:12:22 ~ IP : 127.0.0.1 ----------
REQUEST URI : /admin/index.php?route=setting/setting&amp;token=85a382d56a0472d5cd0b40c8bb4233d5
MOD DETAILS:
   modFile   : C:\OpenServer\domains\plaza\vqmod/xml/vqmod_seopro.xml
   id        : VQMOD SeoPro
   version   : 1.5.x
   vqmver    : 2.1.7
   author    : freelancer

File Name    : admin/model/*/*.php(0)
VQModObject::applyMod - SEARCH NOT FOUND (ABORTING MOD): $this->cache->delete

----------------------------------------------------------------------


---------- Date: 2016-09-12 14:12:35 ~ IP : 127.0.0.1 ----------
REQUEST URI : /admin/index.php?route=common/filemanager&amp;token=85a382d56a0472d5cd0b40c8bb4233d5&amp;field=logo
MOD DETAILS:
   modFile   : C:\OpenServer\domains\plaza\vqmod/xml/vqmod_seopro.xml
   id        : VQMOD SeoPro
   version   : 1.5.x
   vqmver    : 2.1.7
   author    : freelancer

File Name    : admin/model/*/*.php(0)
VQModObject::applyMod - SEARCH NOT FOUND (ABORTING MOD): $this->cache->delete

----------------------------------------------------------------------


---------- Date: 2016-09-12 14:12:35 ~ IP : 127.0.0.1 ----------
REQUEST URI : /admin/index.php?route=common/filemanager/files&amp;token=85a382d56a0472d5cd0b40c8bb4233d5
MOD DETAILS:
   modFile   : C:\OpenServer\domains\plaza\vqmod/xml/vqmod_seopro.xml
   id        : VQMOD SeoPro
   version   : 1.5.x
   vqmver    : 2.1.7
   author    : freelancer

File Name    : admin/model/*/*.php(0)
VQModObject::applyMod - SEARCH NOT FOUND (ABORTING MOD): $this->cache->delete

----------------------------------------------------------------------


---------- Date: 2016-09-12 15:32:11 ~ IP : 127.0.0.1 ----------
REQUEST URI : /admin/index.php?route=common/filemanager&amp;token=85a382d56a0472d5cd0b40c8bb4233d5&amp;field=logo
MOD DETAILS:
   modFile   : C:\OpenServer\domains\plaza\vqmod/xml/vqmod_seopro.xml
   id        : VQMOD SeoPro
   version   : 1.5.x
   vqmver    : 2.1.7
   author    : freelancer

File Name    : admin/model/*/*.php(0)
VQModObject::applyMod - SEARCH NOT FOUND (ABORTING MOD): $this->cache->delete

----------------------------------------------------------------------


---------- Date: 2016-09-12 15:32:12 ~ IP : 127.0.0.1 ----------
REQUEST URI : /admin/index.php?route=common/filemanager/files&amp;token=85a382d56a0472d5cd0b40c8bb4233d5
MOD DETAILS:
   modFile   : C:\OpenServer\domains\plaza\vqmod/xml/vqmod_seopro.xml
   id        : VQMOD SeoPro
   version   : 1.5.x
   vqmver    : 2.1.7
   author    : freelancer

File Name    : admin/model/*/*.php(0)
VQModObject::applyMod - SEARCH NOT FOUND (ABORTING MOD): $this->cache->delete

----------------------------------------------------------------------


---------- Date: 2016-09-12 15:32:41 ~ IP : 127.0.0.1 ----------
REQUEST URI : /admin/index.php?route=common/filemanager/files&amp;token=85a382d56a0472d5cd0b40c8bb4233d5
MOD DETAILS:
   modFile   : C:\OpenServer\domains\plaza\vqmod/xml/vqmod_seopro.xml
   id        : VQMOD SeoPro
   version   : 1.5.x
   vqmver    : 2.1.7
   author    : freelancer

File Name    : admin/model/*/*.php(0)
VQModObject::applyMod - SEARCH NOT FOUND (ABORTING MOD): $this->cache->delete

----------------------------------------------------------------------


---------- Date: 2016-09-12 15:32:48 ~ IP : 127.0.0.1 ----------
REQUEST URI : /admin/index.php?route=common/filemanager/image&amp;token=85a382d56a0472d5cd0b40c8bb4233d5&amp;image=data%2Flogo.png
MOD DETAILS:
   modFile   : C:\OpenServer\domains\plaza\vqmod/xml/vqmod_seopro.xml
   id        : VQMOD SeoPro
   version   : 1.5.x
   vqmver    : 2.1.7
   author    : freelancer

File Name    : admin/model/*/*.php(0)
VQModObject::applyMod - SEARCH NOT FOUND (ABORTING MOD): $this->cache->delete

----------------------------------------------------------------------


---------- Date: 2016-09-12 15:32:50 ~ IP : 127.0.0.1 ----------
REQUEST URI : /admin/index.php?route=setting/setting&amp;token=85a382d56a0472d5cd0b40c8bb4233d5
MOD DETAILS:
   modFile   : C:\OpenServer\domains\plaza\vqmod/xml/vqmod_seopro.xml
   id        : VQMOD SeoPro
   version   : 1.5.x
   vqmver    : 2.1.7
   author    : freelancer

File Name    : admin/model/*/*.php(0)
VQModObject::applyMod - SEARCH NOT FOUND (ABORTING MOD): $this->cache->delete

----------------------------------------------------------------------


